2012/06/26 08:36:48 [error] [exception.CDbException] exception 'CDbException' with message 'CDbConnection failed to open the DB connection: SQLSTATE[42000] [1049] Unknown database 'portal'' in /Applications/XAMPP/xamppfiles/htdocs/yii-1.1.10.r3566/framework/db/CDbConnection.php:382
Stack trace:
#0 /Applications/XAMPP/xamppfiles/htdocs/yii-1.1.10.r3566/framework/db/CDbConnection.php(331): CDbConnection->open()
#1 /Applications/XAMPP/xamppfiles/htdocs/yii-1.1.10.r3566/framework/db/CDbConnection.php(309): CDbConnection->setActive(true)
#2 /Applications/XAMPP/xamppfiles/htdocs/yii-1.1.10.r3566/framework/base/CModule.php(388): CDbConnection->init()
#3 /Applications/XAMPP/xamppfiles/htdocs/yii-1.1.10.r3566/framework/base/CModule.php(104): CModule->getComponent('db')
#4 /Applications/XAMPP/xamppfiles/htdocs/yii-1.1.10.r3566/framework/gii/generators/model/ModelCode.php(54): CModule->__get('db')
#5 /Applications/XAMPP/xamppfiles/htdocs/yii-1.1.10.r3566/framework/web/CFormModel.php(40): ModelCode->init()
#6 /Applications/XAMPP/xamppfiles/htdocs/yii-1.1.10.r3566/framework/gii/CCodeGenerator.php(152): CFormModel->__construct()
#7 /Applications/XAMPP/xamppfiles/htdocs/yii-1.1.10.r3566/framework/gii/CCodeGenerator.php(64): CCodeGenerator->prepare()
#8 /Applications/XAMPP/xamppfiles/htdocs/yii-1.1.10.r3566/framework/web/actions/CInlineAction.php(50): CCodeGenerator->actionIndex()
#9 /Applications/XAMPP/xamppfiles/htdocs/yii-1.1.10.r3566/framework/web/CController.php(309): CInlineAction->runWithParams(Array)
#10 /Applications/XAMPP/xamppfiles/htdocs/yii-1.1.10.r3566/framework/web/CController.php(287): CController->runAction(Object(CInlineAction))
#11 /Applications/XAMPP/xamppfiles/htdocs/yii-1.1.10.r3566/framework/web/CController.php(266): CController->runActionWithFilters(Object(CInlineAction), Array)
#12 /Applications/XAMPP/xamppfiles/htdocs/yii-1.1.10.r3566/framework/web/CWebApplication.php(276): CController->run('')
#13 /Applications/XAMPP/xamppfiles/htdocs/yii-1.1.10.r3566/framework/web/CWebApplication.php(135): CWebApplication->runController('gii/model')
#14 /Applications/XAMPP/xamppfiles/htdocs/yii-1.1.10.r3566/framework/base/CApplication.php(162): CWebApplication->processRequest()
#15 /Applications/XAMPP/xamppfiles/htdocs/portal/index.php(13): CApplication->run()
#16 {main}
REQUEST_URI=/portal/index.php?r=gii/model
HTTP_REFERER=http://localhost/portal/index.php?r=gii/default/index
---
2012/06/26 08:37:28 [error] [exception.CDbException] exception 'CDbException' with message 'CDbConnection failed to open the DB connection: SQLSTATE[42000] [1049] Unknown database 'portal'' in /Applications/XAMPP/xamppfiles/htdocs/yii-1.1.10.r3566/framework/db/CDbConnection.php:382
Stack trace:
#0 /Applications/XAMPP/xamppfiles/htdocs/yii-1.1.10.r3566/framework/db/CDbConnection.php(331): CDbConnection->open()
#1 /Applications/XAMPP/xamppfiles/htdocs/yii-1.1.10.r3566/framework/db/CDbConnection.php(309): CDbConnection->setActive(true)
#2 /Applications/XAMPP/xamppfiles/htdocs/yii-1.1.10.r3566/framework/base/CModule.php(388): CDbConnection->init()
#3 /Applications/XAMPP/xamppfiles/htdocs/yii-1.1.10.r3566/framework/base/CModule.php(104): CModule->getComponent('db')
#4 /Applications/XAMPP/xamppfiles/htdocs/yii-1.1.10.r3566/framework/gii/generators/model/ModelCode.php(54): CModule->__get('db')
#5 /Applications/XAMPP/xamppfiles/htdocs/yii-1.1.10.r3566/framework/web/CFormModel.php(40): ModelCode->init()
#6 /Applications/XAMPP/xamppfiles/htdocs/yii-1.1.10.r3566/framework/gii/CCodeGenerator.php(152): CFormModel->__construct()
#7 /Applications/XAMPP/xamppfiles/htdocs/yii-1.1.10.r3566/framework/gii/CCodeGenerator.php(64): CCodeGenerator->prepare()
#8 /Applications/XAMPP/xamppfiles/htdocs/yii-1.1.10.r3566/framework/web/actions/CInlineAction.php(50): CCodeGenerator->actionIndex()
#9 /Applications/XAMPP/xamppfiles/htdocs/yii-1.1.10.r3566/framework/web/CController.php(309): CInlineAction->runWithParams(Array)
#10 /Applications/XAMPP/xamppfiles/htdocs/yii-1.1.10.r3566/framework/web/CController.php(287): CController->runAction(Object(CInlineAction))
#11 /Applications/XAMPP/xamppfiles/htdocs/yii-1.1.10.r3566/framework/web/CController.php(266): CController->runActionWithFilters(Object(CInlineAction), Array)
#12 /Applications/XAMPP/xamppfiles/htdocs/yii-1.1.10.r3566/framework/web/CWebApplication.php(276): CController->run('')
#13 /Applications/XAMPP/xamppfiles/htdocs/yii-1.1.10.r3566/framework/web/CWebApplication.php(135): CWebApplication->runController('gii/model')
#14 /Applications/XAMPP/xamppfiles/htdocs/yii-1.1.10.r3566/framework/base/CApplication.php(162): CWebApplication->processRequest()
#15 /Applications/XAMPP/xamppfiles/htdocs/portal/index.php(13): CApplication->run()
#16 {main}
REQUEST_URI=/portal/index.php?r=gii/model
HTTP_REFERER=http://localhost/portal/index.php?r=gii/default/index
---
2012/06/26 08:37:31 [error] [exception.CDbException] exception 'CDbException' with message 'CDbConnection failed to open the DB connection: SQLSTATE[42000] [1049] Unknown database 'portal'' in /Applications/XAMPP/xamppfiles/htdocs/yii-1.1.10.r3566/framework/db/CDbConnection.php:382
Stack trace:
#0 /Applications/XAMPP/xamppfiles/htdocs/yii-1.1.10.r3566/framework/db/CDbConnection.php(331): CDbConnection->open()
#1 /Applications/XAMPP/xamppfiles/htdocs/yii-1.1.10.r3566/framework/db/CDbConnection.php(309): CDbConnection->setActive(true)
#2 /Applications/XAMPP/xamppfiles/htdocs/yii-1.1.10.r3566/framework/base/CModule.php(388): CDbConnection->init()
#3 /Applications/XAMPP/xamppfiles/htdocs/yii-1.1.10.r3566/framework/base/CModule.php(104): CModule->getComponent('db')
#4 /Applications/XAMPP/xamppfiles/htdocs/yii-1.1.10.r3566/framework/gii/generators/model/ModelCode.php(54): CModule->__get('db')
#5 /Applications/XAMPP/xamppfiles/htdocs/yii-1.1.10.r3566/framework/web/CFormModel.php(40): ModelCode->init()
#6 /Applications/XAMPP/xamppfiles/htdocs/yii-1.1.10.r3566/framework/gii/CCodeGenerator.php(152): CFormModel->__construct()
#7 /Applications/XAMPP/xamppfiles/htdocs/yii-1.1.10.r3566/framework/gii/CCodeGenerator.php(64): CCodeGenerator->prepare()
#8 /Applications/XAMPP/xamppfiles/htdocs/yii-1.1.10.r3566/framework/web/actions/CInlineAction.php(50): CCodeGenerator->actionIndex()
#9 /Applications/XAMPP/xamppfiles/htdocs/yii-1.1.10.r3566/framework/web/CController.php(309): CInlineAction->runWithParams(Array)
#10 /Applications/XAMPP/xamppfiles/htdocs/yii-1.1.10.r3566/framework/web/CController.php(287): CController->runAction(Object(CInlineAction))
#11 /Applications/XAMPP/xamppfiles/htdocs/yii-1.1.10.r3566/framework/web/CController.php(266): CController->runActionWithFilters(Object(CInlineAction), Array)
#12 /Applications/XAMPP/xamppfiles/htdocs/yii-1.1.10.r3566/framework/web/CWebApplication.php(276): CController->run('')
#13 /Applications/XAMPP/xamppfiles/htdocs/yii-1.1.10.r3566/framework/web/CWebApplication.php(135): CWebApplication->runController('gii/model')
#14 /Applications/XAMPP/xamppfiles/htdocs/yii-1.1.10.r3566/framework/base/CApplication.php(162): CWebApplication->processRequest()
#15 /Applications/XAMPP/xamppfiles/htdocs/portal/index.php(13): CApplication->run()
#16 {main}
REQUEST_URI=/portal/index.php?r=gii/model
HTTP_REFERER=http://localhost/portal/index.php?r=gii/default/index
---
